<?xml version="1.0" encoding="UTF-8"?>
<testsuite xmlns:xsi="http://www.w3.org/2001/XMLSchema-instance" xsi:noNamespaceSchemaLocation="https://maven.apache.org/surefire/maven-surefire-plugin/xsd/surefire-test-report.xsd" name="demo.gzoltar.CalculatorTest" time="0.089" tests="20" errors="0" skipped="0" failures="3">
  <properties>
    <property name="awt.toolkit" value="sun.awt.X11.XToolkit"/>
    <property name="maven.test.error.ignore" value="true"/>
    <property name="file.encoding.pkg" value="sun.io"/>
    <property name="java.specification.version" value="1.8"/>
    <property name="sun.cpu.isalist" value=""/>
    <property name="sun.jnu.encoding" value="UTF-8"/>
    <property name="java.class.path" value="/home/lisia/dev-projects/calculator/target/test-classes:/home/lisia/dev-projects/calculator/target/classes:/home/lisia/.m2/repository/com/gzoltar/com.gzoltar.fl/1.7.3/com.gzoltar.fl-1.7.3.jar:/home/lisia/.m2/repository/com/gzoltar/com.gzoltar.core/1.7.3/com.gzoltar.core-1.7.3.jar:/home/lisia/.m2/repository/org/javassist/javassist/3.27.0-GA/javassist-3.27.0-GA.jar:/home/lisia/.m2/repository/org/jacoco/org.jacoco.core/0.8.6/org.jacoco.core-0.8.6.jar:/home/lisia/.m2/repository/org/ow2/asm/asm/8.0.1/asm-8.0.1.jar:/home/lisia/.m2/repository/org/ow2/asm/asm-commons/8.0.1/asm-commons-8.0.1.jar:/home/lisia/.m2/repository/org/ow2/asm/asm-analysis/8.0.1/asm-analysis-8.0.1.jar:/home/lisia/.m2/repository/org/ow2/asm/asm-tree/8.0.1/asm-tree-8.0.1.jar:/home/lisia/.m2/repository/org/apache/commons/commons-lang3/3.7/commons-lang3-3.7.jar:/home/lisia/.m2/repository/commons-io/commons-io/2.5/commons-io-2.5.jar:/home/lisia/.m2/repository/junit/junit/4.13.2/junit-4.13.2.jar:/home/lisia/.m2/repository/org/hamcrest/hamcrest-core/1.3/hamcrest-core-1.3.jar:"/>
    <property name="java.vm.vendor" value="Private Build"/>
    <property name="sun.arch.data.model" value="64"/>
    <property name="java.vendor.url" value="http://java.oracle.com/"/>
    <property name="user.timezone" value=""/>
    <property name="java.vm.specification.version" value="1.8"/>
    <property name="os.name" value="Linux"/>
    <property name="sun.java.launcher" value="SUN_STANDARD"/>
    <property name="sun.boot.library.path" value="/usr/lib/jvm/java-8-openjdk-amd64/jre/lib/amd64"/>
    <property name="sun.java.command" value="/home/lisia/dev-projects/calculator/target/surefire/surefirebooter984213370634686000.jar /home/lisia/dev-projects/calculator/target/surefire 2025-09-19T11-27-56_018-jvmRun1 surefire8128462439093522448tmp surefire_07049957705126608882tmp"/>
    <property name="surefire.test.class.path" value="/home/lisia/dev-projects/calculator/target/test-classes:/home/lisia/dev-projects/calculator/target/classes:/home/lisia/.m2/repository/com/gzoltar/com.gzoltar.fl/1.7.3/com.gzoltar.fl-1.7.3.jar:/home/lisia/.m2/repository/com/gzoltar/com.gzoltar.core/1.7.3/com.gzoltar.core-1.7.3.jar:/home/lisia/.m2/repository/org/javassist/javassist/3.27.0-GA/javassist-3.27.0-GA.jar:/home/lisia/.m2/repository/org/jacoco/org.jacoco.core/0.8.6/org.jacoco.core-0.8.6.jar:/home/lisia/.m2/repository/org/ow2/asm/asm/8.0.1/asm-8.0.1.jar:/home/lisia/.m2/repository/org/ow2/asm/asm-commons/8.0.1/asm-commons-8.0.1.jar:/home/lisia/.m2/repository/org/ow2/asm/asm-analysis/8.0.1/asm-analysis-8.0.1.jar:/home/lisia/.m2/repository/org/ow2/asm/asm-tree/8.0.1/asm-tree-8.0.1.jar:/home/lisia/.m2/repository/org/apache/commons/commons-lang3/3.7/commons-lang3-3.7.jar:/home/lisia/.m2/repository/commons-io/commons-io/2.5/commons-io-2.5.jar:/home/lisia/.m2/repository/junit/junit/4.13.2/junit-4.13.2.jar:/home/lisia/.m2/repository/org/hamcrest/hamcrest-core/1.3/hamcrest-core-1.3.jar:"/>
    <property name="sun.cpu.endian" value="little"/>
    <property name="user.home" value="/home/lisia"/>
    <property name="user.language" value="en"/>
    <property name="java.specification.vendor" value="Oracle Corporation"/>
    <property name="java.home" value="/usr/lib/jvm/java-8-openjdk-amd64/jre"/>
    <property name="basedir" value="/home/lisia/dev-projects/calculator"/>
    <property name="file.separator" value="/"/>
    <property name="line.separator" value="&#10;"/>
    <property name="java.vm.specification.vendor" value="Oracle Corporation"/>
    <property name="java.specification.name" value="Java Platform API Specification"/>
    <property name="java.awt.graphicsenv" value="sun.awt.X11GraphicsEnvironment"/>
    <property name="surefire.real.class.path" value="/home/lisia/dev-projects/calculator/target/surefire/surefirebooter984213370634686000.jar"/>
    <property name="sun.boot.class.path" value="/usr/lib/jvm/java-8-openjdk-amd64/jre/lib/resources.jar:/usr/lib/jvm/java-8-openjdk-amd64/jre/lib/rt.jar:/usr/lib/jvm/java-8-openjdk-amd64/jre/lib/sunrsasign.jar:/usr/lib/jvm/java-8-openjdk-amd64/jre/lib/jsse.jar:/usr/lib/jvm/java-8-openjdk-amd64/jre/lib/jce.jar:/usr/lib/jvm/java-8-openjdk-amd64/jre/lib/charsets.jar:/usr/lib/jvm/java-8-openjdk-amd64/jre/lib/jfr.jar:/usr/lib/jvm/java-8-openjdk-amd64/jre/classes"/>
    <property name="sun.management.compiler" value="HotSpot 64-Bit Tiered Compilers"/>
    <property name="java.runtime.version" value="1.8.0_462-8u462-ga~us1-0ubuntu2~24.04.2-b08"/>
    <property name="user.name" value="lisia"/>
    <property name="path.separator" value=":"/>
    <property name="os.version" value="5.15.167.4-microsoft-standard-WSL2"/>
    <property name="java.endorsed.dirs" value="/usr/lib/jvm/java-8-openjdk-amd64/jre/lib/endorsed"/>
    <property name="java.runtime.name" value="OpenJDK Runtime Environment"/>
    <property name="file.encoding" value="UTF-8"/>
    <property name="java.vm.name" value="OpenJDK 64-Bit Server VM"/>
    <property name="localRepository" value="/home/lisia/.m2/repository"/>
    <property name="java.vendor.url.bug" value="http://bugreport.sun.com/bugreport/"/>
    <property name="java.io.tmpdir" value="/tmp"/>
    <property name="java.version" value="1.8.0_462"/>
    <property name="user.dir" value="/home/lisia/dev-projects/calculator"/>
    <property name="os.arch" value="amd64"/>
    <property name="java.vm.specification.name" value="Java Virtual Machine Specification"/>
    <property name="java.awt.printerjob" value="sun.print.PSPrinterJob"/>
    <property name="sun.os.patch.level" value="unknown"/>
    <property name="java.library.path" value="/usr/java/packages/lib/amd64:/usr/lib/x86_64-linux-gnu/jni:/lib/x86_64-linux-gnu:/usr/lib/x86_64-linux-gnu:/usr/lib/jni:/lib:/usr/lib"/>
    <property name="java.vm.info" value="mixed mode"/>
    <property name="java.vendor" value="Private Build"/>
    <property name="java.vm.version" value="25.462-b08"/>
    <property name="java.specification.maintenance.version" value="6"/>
    <property name="java.ext.dirs" value="/usr/lib/jvm/java-8-openjdk-amd64/jre/lib/ext:/usr/java/packages/lib/ext"/>
    <property name="sun.io.unicode.encoding" value="UnicodeLittle"/>
    <property name="java.class.version" value="52.0"/>
    <property name="maven.test.failure.ignore" value="true"/>
  </properties>
  <testcase name="testFactorialZero" classname="demo.gzoltar.CalculatorTest" time="0.003"/>
  <testcase name="testDivideNegativeDividend" classname="demo.gzoltar.CalculatorTest" time="0"/>
  <testcase name="testAddZero" classname="demo.gzoltar.CalculatorTest" time="0"/>
  <testcase name="testDivideByZero" classname="demo.gzoltar.CalculatorTest" time="0"/>
  <testcase name="testIsPrimeFive" classname="demo.gzoltar.CalculatorTest" time="0.001"/>
  <testcase name="testPowerNegativeExponent" classname="demo.gzoltar.CalculatorTest" time="0.004">
    <failure message="Should handle negative exponents properly, got: 0" type="java.lang.AssertionError">java.lang.AssertionError: Should handle negative exponents properly, got: 0
	at demo.gzoltar.CalculatorTest.testPowerNegativeExponent(CalculatorTest.java:94)
</failure>
  </testcase>
  <testcase name="testAddPositive" classname="demo.gzoltar.CalculatorTest" time="0"/>
  <testcase name="testMultiplyPositive" classname="demo.gzoltar.CalculatorTest" time="0"/>
  <testcase name="testPowerPositive" classname="demo.gzoltar.CalculatorTest" time="0"/>
  <testcase name="testIsNotPrimeFour" classname="demo.gzoltar.CalculatorTest" time="0"/>
  <testcase name="testMultiplyBothNegative" classname="demo.gzoltar.CalculatorTest" time="0.001"/>
  <testcase name="testPowerZero" classname="demo.gzoltar.CalculatorTest" time="0.001"/>
  <testcase name="testSubtractNegativeResult" classname="demo.gzoltar.CalculatorTest" time="0"/>
  <testcase name="testIsPrimeTwo" classname="demo.gzoltar.CalculatorTest" time="0.004">
    <failure message="2 should be prime" type="java.lang.AssertionError">java.lang.AssertionError: 2 should be prime
	at demo.gzoltar.CalculatorTest.testIsPrimeTwo(CalculatorTest.java:103)
</failure>
  </testcase>
  <testcase name="testSubtractPositive" classname="demo.gzoltar.CalculatorTest" time="0"/>
  <testcase name="testFactorialPositive" classname="demo.gzoltar.CalculatorTest" time="0"/>
  <testcase name="testFactorialNegative" classname="demo.gzoltar.CalculatorTest" time="0"/>
  <testcase name="testMultiplyWithNegative" classname="demo.gzoltar.CalculatorTest" time="0">
    <failure message="expected:&lt;-6&gt; but was:&lt;6&gt;" type="java.lang.AssertionError"><![CDATA[java.lang.AssertionError: expected:<-6> but was:<6>
	at demo.gzoltar.CalculatorTest.testMultiplyWithNegative(CalculatorTest.java:72)
]]></failure>
  </testcase>
  <testcase name="testIsPrimeThree" classname="demo.gzoltar.CalculatorTest" time="0"/>
  <testcase name="testDividePositive" classname="demo.gzoltar.CalculatorTest" time="0"/>
</testsuite>